c:\users\11241\desktop\永劫无间-黑\framework\x64\release\vc142.pdb
c:\users\11241\desktop\永劫无间-黑\framework\x64\release\imgui_widgets.obj
c:\users\11241\desktop\永劫无间-黑\framework\x64\release\imgui_draw.obj
c:\users\11241\desktop\永劫无间-黑\framework\x64\release\imgui.obj
c:\users\11241\desktop\永劫无间-黑\framework\x64\release\imgui_impl_win32.obj
c:\users\11241\desktop\永劫无间-黑\framework\x64\release\imgui_impl_dx11.obj
c:\users\11241\desktop\永劫无间-黑\framework\x64\release\dllmain.obj
c:\users\11241\desktop\永劫无间-黑\x64\release\null.dll
c:\users\11241\desktop\永劫无间-黑\framework\x64\release\null.ipdb
c:\users\11241\desktop\永劫无间-黑\framework\x64\release\null.iobj
c:\users\11241\desktop\永劫无间-黑\x64\release\null.pdb
c:\users\11241\desktop\永劫无间-黑\framework\x64\release\spoofer.obj
c:\users\11241\desktop\永劫无间-黑\framework\x64\release\null.tlog\cl.command.1.tlog
c:\users\11241\desktop\永劫无间-黑\framework\x64\release\null.tlog\cl.read.1.tlog
c:\users\11241\desktop\永劫无间-黑\framework\x64\release\null.tlog\cl.write.1.tlog
c:\users\11241\desktop\永劫无间-黑\framework\x64\release\null.tlog\link.command.1.tlog
c:\users\11241\desktop\永劫无间-黑\framework\x64\release\null.tlog\link.read.1.tlog
c:\users\11241\desktop\永劫无间-黑\framework\x64\release\null.tlog\link.write.1.tlog
c:\users\11241\desktop\永劫无间-黑\framework\x64\release\null.tlog\masm.read.1u.tlog
c:\users\11241\desktop\永劫无间-黑\framework\x64\release\null.tlog\masm.write.1u.tlog
