f:\永劫无间-蓝- - 副本\framework\x64\release\vc142.pdb
f:\永劫无间-蓝- - 副本\framework\x64\release\imgui_widgets.obj
f:\永劫无间-蓝- - 副本\framework\x64\release\imgui_draw.obj
f:\永劫无间-蓝- - 副本\framework\x64\release\imgui.obj
f:\永劫无间-蓝- - 副本\framework\x64\release\imgui_impl_win32.obj
f:\永劫无间-蓝- - 副本\framework\x64\release\imgui_impl_dx11.obj
f:\永劫无间-蓝- - 副本\framework\x64\release\dllmain.obj
f:\永劫无间-蓝- - 副本\framework\x64\release\customwinapi.obj
f:\永劫无间-蓝- - 副本\x64\release\yj.dll
f:\永劫无间-蓝- - 副本\framework\x64\release\yj.ipdb
f:\永劫无间-蓝- - 副本\framework\x64\release\yj.iobj
f:\永劫无间-蓝- - 副本\x64\release\yj.pdb
f:\永劫无间-蓝- - 副本\framework\x64\release\spoofer.obj
f:\永劫无间-蓝- - 副本\framework\x64\release\yj.tlog\cl.command.1.tlog
f:\永劫无间-蓝- - 副本\framework\x64\release\yj.tlog\cl.read.1.tlog
f:\永劫无间-蓝- - 副本\framework\x64\release\yj.tlog\cl.write.1.tlog
f:\永劫无间-蓝- - 副本\framework\x64\release\yj.tlog\link.command.1.tlog
f:\永劫无间-蓝- - 副本\framework\x64\release\yj.tlog\link.read.1.tlog
f:\永劫无间-蓝- - 副本\framework\x64\release\yj.tlog\link.write.1.tlog
f:\永劫无间-蓝- - 副本\framework\x64\release\yj.tlog\masm.read.1u.tlog
f:\永劫无间-蓝- - 副本\framework\x64\release\yj.tlog\masm.write.1u.tlog
